<?xml version="1.0" encoding="UTF-8"?>
<!-- Generated by org.testng.reporters.JUnitXMLReporter -->
<testsuite hostname="Fatihs-Air" name="Test" tests="1" failures="1" timestamp="26 Apr 2019 15:39:04 GMT" time="17.28" errors="0">
  <testcase name="feature" time="16.362" classname="com.github.sevcensokmen.eehotelbooking.runners.PositiveTest">
    <failure type="cucumber.runtime.CucumberException" message="java.lang.AssertionError: expected [true] but found [false]">
      <![CDATA[cucumber.runtime.CucumberException: java.lang.AssertionError: expected [true] but found [false]
	at cucumber.api.testng.TestNGCucumberRunner.runCucumber(TestNGCucumberRunner.java:69)
	at cucumber.api.testng.AbstractTestNGCucumberTests.feature(AbstractTestNGCucumberTests.java:21)
Caused by: java.lang.AssertionError: expected [true] but found [false]
	at com.github.sevcensokmen.eehotelbooking.steps.DeleteCustomerSteps.i_shouldn_t_see_last_booking_of_the_list(DeleteCustomerSteps.java:31)
	at âœ½.Then I shouldn't see last booking of the list.(DeleteCustomer.feature:11)
... Removed 28 stack frames]]>
    </failure>
  </testcase> <!-- feature -->
</testsuite> <!-- Test -->
